0 info it worked if it ends with ok
1 verbose cli [ '/usr/bin/nodejs', '/usr/bin/npm', 'install', 'ios-sim', '-g' ]
2 info using npm@1.2.18
3 info using node@v0.10.15
4 verbose read json /usr/local/lib/package.json
5 verbose read json /usr/local/lib/package.json
6 verbose cache add [ 'ios-sim', null ]
7 verbose cache add name=undefined spec="ios-sim" args=["ios-sim",null]
8 verbose parsed url { protocol: null,
8 verbose parsed url   slashes: null,
8 verbose parsed url   auth: null,
8 verbose parsed url   host: null,
8 verbose parsed url   port: null,
8 verbose parsed url   hostname: null,
8 verbose parsed url   hash: null,
8 verbose parsed url   search: null,
8 verbose parsed url   query: null,
8 verbose parsed url   pathname: 'ios-sim',
8 verbose parsed url   path: 'ios-sim',
8 verbose parsed url   href: 'ios-sim' }
9 silly lockFile 6af69284-ios-sim ios-sim
10 verbose lock ios-sim /home/halo/.npm/6af69284-ios-sim.lock
11 silly lockFile 6af69284-ios-sim ios-sim
12 silly lockFile 6af69284-ios-sim ios-sim
13 verbose addNamed [ 'ios-sim', '' ]
14 verbose addNamed [ null, '*' ]
15 silly lockFile 03dce7cc-ios-sim ios-sim@
16 verbose lock ios-sim@ /home/halo/.npm/03dce7cc-ios-sim.lock
17 silly addNameRange { name: 'ios-sim', range: '*', hasData: false }
18 verbose url raw ios-sim
19 verbose url resolving [ 'https://registry.npmjs.org/', './ios-sim' ]
20 verbose url resolved https://registry.npmjs.org/ios-sim
21 info trying registry request attempt 1 at 15:05:46
22 verbose etag "61HFH7LX1TQF3R9THWO1EDX03"
23 http GET https://registry.npmjs.org/ios-sim
24 http 304 https://registry.npmjs.org/ios-sim
25 silly registry.get cb [ 304,
25 silly registry.get   { date: 'Sat, 12 Apr 2014 09:35:48 GMT',
25 silly registry.get     server: 'Apache',
25 silly registry.get     via: '1.1 varnish',
25 silly registry.get     'last-modified': 'Sat, 12 Apr 2014 09:35:48 GMT',
25 silly registry.get     'cache-control': 'max-age=1',
25 silly registry.get     etag: '"61HFH7LX1TQF3R9THWO1EDX03"',
25 silly registry.get     'x-served-by': 'cache-jfk1021-JFK',
25 silly registry.get     'x-cache': 'MISS',
25 silly registry.get     'x-cache-hits': '0',
25 silly registry.get     'x-timer': 'S1397295348.743411779,VS0,VE104',
25 silly registry.get     vary: 'Accept',
25 silly registry.get     'content-length': '0',
25 silly registry.get     'keep-alive': 'timeout=10, max=50',
25 silly registry.get     connection: 'Keep-Alive' } ]
26 verbose etag ios-sim from cache
27 silly addNameRange number 2 { name: 'ios-sim', range: '*', hasData: true }
28 silly addNameRange versions [ 'ios-sim', [ '1.8.0', '1.8.1', '1.8.2', '1.9.0' ] ]
29 verbose addNamed [ 'ios-sim', '1.9.0' ]
30 verbose addNamed [ '1.9.0', '1.9.0' ]
31 silly lockFile 08b821e4-ios-sim-1-9-0 ios-sim@1.9.0
32 verbose lock ios-sim@1.9.0 /home/halo/.npm/08b821e4-ios-sim-1-9-0.lock
33 verbose read json /home/halo/.npm/ios-sim/1.9.0/package/package.json
34 silly lockFile 08b821e4-ios-sim-1-9-0 ios-sim@1.9.0
35 silly lockFile 08b821e4-ios-sim-1-9-0 ios-sim@1.9.0
36 silly lockFile 03dce7cc-ios-sim ios-sim@
37 silly lockFile 03dce7cc-ios-sim ios-sim@
38 silly resolved [ { name: 'ios-sim',
38 silly resolved     version: '1.9.0',
38 silly resolved     description: 'launch iOS apps into the iOS Simulator from the command line (Xcode 5.1)',
38 silly resolved     main: 'ios-sim',
38 silly resolved     scripts: { preinstall: 'rake build' },
38 silly resolved     bin: { 'ios-sim': 'build/Release/ios-sim' },
38 silly resolved     repository: { type: 'git', url: 'https://github.com/phonegap/ios-sim' },
38 silly resolved     keywords: [ 'ios-sim', 'iOS Simulator' ],
38 silly resolved     author: { name: 'Landon Fuller, Jeff Haynie, Eloy Duran, Shazron Abdullah' },
38 silly resolved     license: 'MIT',
38 silly resolved     readme: 'ios-sim\n=======\n\nThe ios-sim tool is a command-line utility that launches an iOS application on\nthe iOS Simulator. This allows for niceties such as automated testing without\nhaving to open XCode.\n\nFeatures\n--------\n\n* Choose the device family to simulate, i.e. iPhone or iPad.\n* Setup environment variables.\n* Pass arguments to the application.\n* See the stdout and stderr, or redirect them to files.\n\nSee the `--help` option for more info.\n\nInstallation\n------------\n\nWith node.js (at least 0.10.20):\n\n    $ sudo npm install ios-sim -g\n\nDownload an archive:\n\n    $ curl -L https://github.com/phonegap/ios-sim/zipball/1.8.2 -o ios-sim-1.8.2.zip\n    $ unzip ios-sim-1.8.2.zip\n\nOr from a git clone:\n\n    $ git clone git://github.com/phonegap/ios-sim.git\n\nThen build and install from the source root:\n\n    $ rake install prefix=/usr/local/\n\n\nDevelopment\n-----------\n\nWhen you want to release a version, do:\n\n    $ rake version:bump v=NEW_VERSION\n    $ rake release\n    $ npm version NEW_VERSION -m "Updated to npm version %s"\n    \ntmux\n-----\n\nTo get ios-sim to launch correctly within tmux use the reattach-to-user-namespace wrapper.\n\n```\nreattach-to-user-namespace ios-sim launch ./build/MyTestApp.app\n```\n*source:* https://github.com/ChrisJohnsen/tmux-MacOSX-pasteboard\n\n*brew:*  ```brew install reattach-to-user-namespace```\n\nLicense\n-------\n\nOriginal author: Landon Fuller <landonf@plausiblelabs.com>\nCopyright (c) 2008-2011 Plausible Labs Cooperative, Inc.\nAll rights reserved.\n\nThis project is available under the MIT license. See [LICENSE][license].\n\n[license]: https://github.com/phonegap/ios-sim/blob/master/LICENSE\n',
38 silly resolved     readmeFilename: 'README.md',
38 silly resolved     _id: 'ios-sim@1.9.0',
38 silly resolved     _from: 'ios-sim@' } ]
39 info install ios-sim@1.9.0 into /usr/local/lib
40 info installOne ios-sim@1.9.0
41 verbose from cache /home/halo/.npm/ios-sim/1.9.0/package/package.json
42 info /usr/local/lib/node_modules/ios-sim unbuild
43 verbose read json /usr/local/lib/node_modules/ios-sim/package.json
44 verbose tar unpack /home/halo/.npm/ios-sim/1.9.0/package.tgz
45 silly lockFile 3bb56db5-r-local-lib-node-modules-ios-sim /usr/local/lib/node_modules/ios-sim
46 verbose lock /usr/local/lib/node_modules/ios-sim /home/halo/.npm/3bb56db5-r-local-lib-node-modules-ios-sim.lock
47 silly lockFile 22ba039a-lo-npm-ios-sim-1-9-0-package-tgz /home/halo/.npm/ios-sim/1.9.0/package.tgz
48 verbose lock /home/halo/.npm/ios-sim/1.9.0/package.tgz /home/halo/.npm/22ba039a-lo-npm-ios-sim-1-9-0-package-tgz.lock
49 silly gunzTarPerm modes [ '755', '644' ]
50 silly gunzTarPerm extractEntry package.json
51 silly gunzTarPerm extractEntry .npmignore
52 silly gunzTarPerm extractEntry README.md
53 silly gunzTarPerm extractEntry LICENSE
54 silly gunzTarPerm extractEntry DVTiPhoneSimulatorRemoteClient/DVTiPhoneSimulatorRemoteClient.h
55 silly gunzTarPerm extractEntry README.template.md
56 silly gunzTarPerm extractEntry Rakefile
57 silly gunzTarPerm extractEntry Source/.npmignore
58 silly gunzTarPerm extractEntry Source/NSString+expandPath.h
59 silly gunzTarPerm extractEntry Source/NSString+expandPath.m
60 silly gunzTarPerm extractEntry Source/iPhoneSimulator.h
61 silly gunzTarPerm extractEntry Source/iPhoneSimulator.m
62 silly gunzTarPerm extractEntry Source/main.m
63 silly gunzTarPerm extractEntry Source/nsprintf.h
64 silly gunzTarPerm extractEntry Source/nsprintf.m
65 silly gunzTarPerm extractEntry Source/version.h
66 silly gunzTarPerm extractEntry ios-sim.xcodeproj/.npmignore
67 silly gunzTarPerm extractEntry ios-sim.xcodeproj/project.pbxproj
68 silly gunzTarPerm extractEntry ios-sim.xcodeproj/xcshareddata/xcschemes/ios-sim.xcscheme
69 silly gunzTarPerm extractEntry ios-sim_Prefix.pch
70 verbose read json /usr/local/lib/node_modules/ios-sim/package.json
71 silly lockFile 3bb56db5-r-local-lib-node-modules-ios-sim /usr/local/lib/node_modules/ios-sim
72 silly lockFile 3bb56db5-r-local-lib-node-modules-ios-sim /usr/local/lib/node_modules/ios-sim
73 silly lockFile 22ba039a-lo-npm-ios-sim-1-9-0-package-tgz /home/halo/.npm/ios-sim/1.9.0/package.tgz
74 silly lockFile 22ba039a-lo-npm-ios-sim-1-9-0-package-tgz /home/halo/.npm/ios-sim/1.9.0/package.tgz
75 info preinstall ios-sim@1.9.0
76 verbose unsafe-perm in lifecycle false
77 verbose set uid from=0 to=nobody
78 verbose set uid from=0 to=65534
79 silly exec sh "-c" "rake build"
80 silly sh,-c,rake build,/usr/local/lib/node_modules/ios-sim spawning
81 info ios-sim@1.9.0 Failed to exec preinstall script
82 info /usr/local/lib/node_modules/ios-sim unbuild
83 verbose from cache /usr/local/lib/node_modules/ios-sim/package.json
84 warn This failure might be due to the use of legacy binary "node"
85 warn For further explanations, please read
/usr/share/doc/nodejs/README.Debian
86 info preuninstall ios-sim@1.9.0
87 info uninstall ios-sim@1.9.0
88 verbose true,/usr/local/lib/node_modules,/usr/local/lib/node_modules unbuild ios-sim@1.9.0
89 verbose /usr/local/bin,[object Object] binRoot
90 info postuninstall ios-sim@1.9.0
91 error ios-sim@1.9.0 preinstall: `rake build`
91 error `sh "-c" "rake build"` failed with 127
92 error Failed at the ios-sim@1.9.0 preinstall script.
92 error This is most likely a problem with the ios-sim package,
92 error not with npm itself.
92 error Tell the author that this fails on your system:
92 error     rake build
92 error You can get their info via:
92 error     npm owner ls ios-sim
92 error There is likely additional logging output above.
93 error System Linux 3.11.0-18-generic
94 error command "/usr/bin/nodejs" "/usr/bin/npm" "install" "ios-sim" "-g"
95 error cwd /home/halo/Desktop/Chandresh/Cordova/hello
96 error node -v v0.10.15
97 error npm -v 1.2.18
98 error code ELIFECYCLE
99 verbose exit [ 1, true ]
